<?xml version="1.0" encoding="utf-8"?><testsuites><testsuite name="pytest" errors="0" failures="1" skipped="0" tests="1" time="2.228" timestamp="2026-03-11T21:56:15.385105" hostname="KGPrakash"><testcase classname="tests.test_tenant" name="test_create_tenant_as_super_admin" time="1.238"><failure message="AssertionError: {&quot;detail&quot;:[{&quot;type&quot;:&quot;missing&quot;,&quot;loc&quot;:[&quot;body&quot;,&quot;contact_person&quot;],&quot;msg&quot;:&quot;Field required&quot;,&quot;input&quot;:{&quot;name&quot;:&quot;Sharma Vivah Kendra&quot;,&quot;slug&quot;:&quot;sharma-vivah&quot;,&quot;contact_email&quot;:&quot;sharma@example.com&quot;,&quot;plan&quot;:&quot;growth&quot;,&quot;max_users&quot;:1000,&quot;max_admins&quot;:10}},{&quot;type&quot;:&quot;missing&quot;,&quot;loc&quot;:[&quot;body&quot;,&quot;contact_number&quot;],&quot;msg&quot;:&quot;Field required&quot;,&quot;input&quot;:{&quot;name&quot;:&quot;Sharma Vivah Kendra&quot;,&quot;slug&quot;:&quot;sharma-vivah&quot;,&quot;contact_email&quot;:&quot;sharma@example.com&quot;,&quot;plan&quot;:&quot;growth&quot;,&quot;max_users&quot;:1000,&quot;max_admins&quot;:10}},{&quot;type&quot;:&quot;missing&quot;,&quot;loc&quot;:[&quot;body&quot;,&quot;pin&quot;],&quot;msg&quot;:&quot;Field required&quot;,&quot;input&quot;:{&quot;name&quot;:&quot;Sharma Vivah Kendra&quot;,&quot;slug&quot;:&quot;sharma-vivah&quot;,&quot;contact_email&quot;:&quot;sharma@example.com&quot;,&quot;plan&quot;:&quot;growth&quot;,&quot;max_users&quot;:1000,&quot;max_admins&quot;:10}}]}&#10;assert 422 == 201&#10; +  where 422 = &lt;Response [422 Unprocessable Entity]&gt;.status_code">client = &lt;httpx.AsyncClient object at 0x00000279B2FE9400&gt;
db = &lt;sqlalchemy.ext.asyncio.session.AsyncSession object at 0x00000279B1ECD2B0&gt;

    @pytest.mark.asyncio
    async def test_create_tenant_as_super_admin(
        client: AsyncClient, db: AsyncSession
    ):
        """Super-admin should successfully create a tenant."""
        # Arrange: create a super-admin user (no tenant)
        super_admin = await make_user(db, tenant=None, role=UserRole.SUPER_ADMIN, tenant_id=None)
    
        payload = {
            "name": "Sharma Vivah Kendra",
            "slug": "sharma-vivah",
            "contact_email": "sharma@example.com",
            "plan": "growth",
            "max_users": 1000,
            "max_admins": 10,
        }
    
        # Act
        response = await client.post(
            "/admin/tenants/",
            json=payload,
            headers=_auth_header(super_admin),
        )
    
        # Assert
&gt;       assert response.status_code == 201, response.text
E       AssertionError: {"detail":[{"type":"missing","loc":["body","contact_person"],"msg":"Field required","input":{"name":"Sharma Vivah Kendra","slug":"sharma-vivah","contact_email":"sharma@example.com","plan":"growth","max_users":1000,"max_admins":10}},{"type":"missing","loc":["body","contact_number"],"msg":"Field required","input":{"name":"Sharma Vivah Kendra","slug":"sharma-vivah","contact_email":"sharma@example.com","plan":"growth","max_users":1000,"max_admins":10}},{"type":"missing","loc":["body","pin"],"msg":"Field required","input":{"name":"Sharma Vivah Kendra","slug":"sharma-vivah","contact_email":"sharma@example.com","plan":"growth","max_users":1000,"max_admins":10}}]}
E       assert 422 == 201
E        +  where 422 = &lt;Response [422 Unprocessable Entity]&gt;.status_code

tests\test_tenant.py:55: AssertionError</failure></testcase></testsuite></testsuites>